CollinTongue	|	Collin Tongue	|	546580649
@IvanFilmFix Hey Ivan, I love your re-editing of TLJ scenes, the one with Luke giving the lightsaber to Rey is beau… https://t.co/cmcCXkNyaj

https://twitter.com/CollinTongue/status/1022202808970358784
<a href="http://twitter.com" rel="nofollow">Twitter Web Client</a>

---------------------------------------
ositobarrigon	|	Osito Barrigón	|	46430625
The Clone Wars is Saved and Our Recap of Star Wars at San Diego Comic-Con! via @starwars #video https://t.co/yDo9ws4nav

https://twitter.com/ositobarrigon/status/1022202750946484225
<a href="https://ifttt.com" rel="nofollow">IFTTT</a>

---------------------------------------
theGROGNARDfile	|	Dirk the Dice	|	2716602993
RT @stimbot5000: @theGROGNARDfile @filmfan68 @the_smart_party In 30+ years I've barely ever run published adventures. Always felt more comf…

https://twitter.com/theGROGNARDfile/status/1022202707338252288
<a href="http://twitter.com/download/iphone" rel="nofollow">Twitter for iPhone</a>

---------------------------------------
Heyokacomics	|	Michael Howe II	|	993564100461449216
RT @DisCanonSucks: Anyone who says canon doesn't matter just to defend their book shouldn't be allowed near any established IP much less St…

https://twitter.com/Heyokacomics/status/1022202699234783232
<a href="http://twitter.com/download/android" rel="nofollow">Twitter for Android</a>

---------------------------------------
